0 info it worked if it ends with ok
1 verbose cli [ '/Users/jake.champion/.nvm/versions/node/v5.7.0/bin/node',
1 verbose cli   '/Users/jake.champion/.nvm/versions/node/v5.7.0/bin/npm',
1 verbose cli   'run',
1 verbose cli   'test:unit' ]
2 info using npm@3.6.0
3 info using node@v5.7.0
4 verbose stack Error: ENOENT: no such file or directory, open '/Users/jake.champion/Code/work/ft/labs/package.json'
4 verbose stack     at Error (native)
5 verbose cwd /Users/jake.champion/Code/work/ft/labs/heroku-docker-node-alpine-example
6 error Darwin 15.3.0
7 error argv "/Users/jake.champion/.nvm/versions/node/v5.7.0/bin/node" "/Users/jake.champion/.nvm/versions/node/v5.7.0/bin/npm" "run" "test:unit"
8 error node v5.7.0
9 error npm  v3.6.0
10 error path /Users/jake.champion/Code/work/ft/labs/package.json
11 error code ENOENT
12 error errno -2
13 error syscall open
14 error enoent ENOENT: no such file or directory, open '/Users/jake.champion/Code/work/ft/labs/package.json'
15 error enoent ENOENT: no such file or directory, open '/Users/jake.champion/Code/work/ft/labs/package.json'
15 error enoent This is most likely not a problem with npm itself
15 error enoent and is related to npm not being able to find a file.
16 verbose exit [ -2, true ]
